c:\users\gebo_\documents\github\glrender\build\glrender.dir\debug\vc140.pdb
c:\users\gebo_\documents\github\glrender\build\glrender.dir\debug\student.obj
c:\users\gebo_\documents\github\glrender\build\glrender.dir\debug\complight.obj
c:\users\gebo_\documents\github\glrender\build\glrender.dir\debug\compcamera.obj
c:\users\gebo_\documents\github\glrender\build\glrender.dir\debug\vbo.obj
c:\users\gebo_\documents\github\glrender\build\glrender.dir\debug\vao.obj
c:\users\gebo_\documents\github\glrender\build\glrender.dir\debug\scriptengine.obj
c:\users\gebo_\documents\github\glrender\build\glrender.dir\debug\sceneobject.obj
c:\users\gebo_\documents\github\glrender\build\glrender.dir\debug\scenemanager.obj
c:\users\gebo_\documents\github\glrender\build\glrender.dir\debug\renderengine.obj
c:\users\gebo_\documents\github\glrender\build\glrender.dir\debug\rendercommand.obj
c:\users\gebo_\documents\github\glrender\build\glrender.dir\debug\mesh.obj
c:\users\gebo_\documents\github\glrender\build\glrender.dir\debug\logic.obj
c:\users\gebo_\documents\github\glrender\build\glrender.dir\debug\log.obj
c:\users\gebo_\documents\github\glrender\build\glrender.dir\debug\light.obj
c:\users\gebo_\documents\github\glrender\build\glrender.dir\debug\font.obj
c:\users\gebo_\documents\github\glrender\build\glrender.dir\debug\db.obj
c:\users\gebo_\documents\github\glrender\build\glrender.dir\debug\component.obj
c:\users\gebo_\documents\github\glrender\build\glrender.dir\debug\camera.obj
c:\users\gebo_\documents\github\glrender\build\glrender.dir\debug\app.obj
c:\users\gebo_\documents\github\glrender\build\glrender.dir\debug\main.obj
c:\users\gebo_\documents\github\glrender\build\glrender.dir\debug\time.obj
c:\users\gebo_\documents\github\glrender\build\glrender.dir\debug\texture.obj
c:\users\gebo_\documents\github\glrender\build\glrender.dir\debug\shader.obj
c:\users\gebo_\documents\github\glrender\build\glrender.dir\debug\script.obj
c:\users\gebo_\documents\github\glrender\build\glrender.dir\debug\resourcemanager.obj
c:\users\gebo_\documents\github\glrender\build\glrender.dir\debug\model.obj
c:\users\gebo_\documents\github\glrender\build\glrender.dir\debug\material.obj
c:\users\gebo_\documents\github\glrender\build\glrender.dir\debug\lua_student.obj
c:\users\gebo_\documents\github\glrender\build\cmakefiles\generate.stamp
c:\users\gebo_\documents\github\glrender\build\debug\glrender.pdb
c:\users\gebo_\documents\github\glrender\build\glrender.dir\debug\glrender.tlog\cl.command.1.tlog
c:\users\gebo_\documents\github\glrender\build\glrender.dir\debug\glrender.tlog\cl.read.1.tlog
c:\users\gebo_\documents\github\glrender\build\glrender.dir\debug\glrender.tlog\cl.write.1.tlog
c:\users\gebo_\documents\github\glrender\build\glrender.dir\debug\glrender.tlog\custombuild.command.1.tlog
c:\users\gebo_\documents\github\glrender\build\glrender.dir\debug\glrender.tlog\custombuild.read.1.tlog
c:\users\gebo_\documents\github\glrender\build\glrender.dir\debug\glrender.tlog\custombuild.write.1.tlog
c:\users\gebo_\documents\github\glrender\build\glrender.dir\debug\glrender.tlog\link-cvtres.read.1.tlog
c:\users\gebo_\documents\github\glrender\build\glrender.dir\debug\glrender.tlog\link-cvtres.write.1.tlog
c:\users\gebo_\documents\github\glrender\build\glrender.dir\debug\glrender.tlog\link-rc.read.1.tlog
c:\users\gebo_\documents\github\glrender\build\glrender.dir\debug\glrender.tlog\link-rc.write.1.tlog
c:\users\gebo_\documents\github\glrender\build\glrender.dir\debug\glrender.tlog\link.command.1.tlog
c:\users\gebo_\documents\github\glrender\build\glrender.dir\debug\glrender.tlog\link.read.1.tlog
c:\users\gebo_\documents\github\glrender\build\glrender.dir\debug\glrender.tlog\link.write.1.tlog
